#
# There is insufficient memory for the Java Runtime Environment to continue.
# Native memory allocation (malloc) failed to allocate 598336 bytes for Chunk::new
# Possible reasons:
#   The system is out of physical RAM or swap space
#   The process is running with CompressedOops enabled, and the Java Heap may be blocking the growth of the native heap
# Possible solutions:
#   Reduce memory load on the system
#   Increase physical memory or swap space
#   Check if swap backing store is full
#   Decrease Java heap size (-Xmx/-Xms)
#   Decrease number of Java threads
#   Decrease Java thread stack sizes (-Xss)
#   Set larger code cache with -XX:ReservedCodeCacheSize=
#   JVM is running with Unscaled Compressed Oops mode in which the Java heap is
#     placed in the first 4GB address space. The Java Heap base address is the
#     maximum limit for the native heap growth. Please use -XX:HeapBaseMinAddress
#     to set the Java Heap base and to place the Java Heap above 4GB virtual address.
# This output file may be truncated or incomplete.
#
#  Out of Memory Error (allocation.cpp:389), pid=7220, tid=0x0000000000002b60
#
# JRE version: OpenJDK Runtime Environment (8.0_202-b03) (build 1.8.0_202-release-1483-b03)
# Java VM: OpenJDK 64-Bit Server VM (25.202-b03 mixed mode windows-amd64 compressed oops)
# Failed to write core dump. Minidumps are not enabled by default on client versions of Windows
#

---------------  T H R E A D  ---------------

Current thread (0x000000001829d800):  JavaThread "C2 CompilerThread2" daemon [_thread_in_native, id=11104, stack(0x0000000019d50000,0x0000000019e50000)]

Stack: [0x0000000019d50000,0x0000000019e50000]
[error occurred during error reporting (printing stack bounds), id 0xc0000005]

Native frames: (J=compiled Java code, j=interpreted, Vv=VM code, C=native code)


Current CompileTask:
C2:3078568 20736       4       com.android.tools.r8.ir.optimize.PeepholeOptimizer::a (401 bytes)


---------------  P R O C E S S  ---------------

Java Threads: ( => current thread )
  0x000000001dd19800 JavaThread "WorkerExecutor Queue Thread 8" [_thread_blocked, id=12848, stack(0x000000002afc0000,0x000000002b0c0000)]
  0x000000001dd1e000 JavaThread "WorkerExecutor Queue Thread 6" [_thread_blocked, id=8104, stack(0x000000002abd0000,0x000000002acd0000)]
  0x000000001dd19000 JavaThread "WorkerExecutor Queue Thread 5" [_thread_blocked, id=6604, stack(0x000000002aec0000,0x000000002afc0000)]
  0x000000001dd1a800 JavaThread "WorkerExecutor Queue Thread 4" [_thread_blocked, id=11260, stack(0x000000002ad10000,0x000000002ae10000)]
  0x000000001dd1c800 JavaThread "stdout" [_thread_in_native, id=12556, stack(0x00000000298d0000,0x00000000299d0000)]
  0x000000001f1fb000 JavaThread "stderr" [_thread_in_native, id=11424, stack(0x0000000029640000,0x0000000029740000)]
  0x000000001f1fe000 JavaThread "pool-12-thread-1" [_thread_blocked, id=11968, stack(0x0000000029340000,0x0000000029440000)]
  0x000000001f1fd000 JavaThread "WorkerExecutor Queue Thread 2" [_thread_in_Java, id=4664, stack(0x00000000281d0000,0x00000000282d0000)]
  0x000000001f1fc800 JavaThread "WorkerExecutor Queue" [_thread_blocked, id=12892, stack(0x0000000028790000,0x0000000028890000)]
  0x000000001f201000 JavaThread "Cache worker for execution history cache (C:\Users\Minato\AndroidStudioProjects\TheLordOfTheTime\.gradle\5.4.1\executionHistory)" [_thread_blocked, id=10208, stack(0x0000000027650000,0x0000000027750000)]
  0x000000001f201800 JavaThread "Execution worker for ':' Thread 7" [_thread_blocked, id=10340, stack(0x0000000029180000,0x0000000029280000)]
  0x000000001f1fe800 JavaThread "Execution worker for ':' Thread 6" [_thread_blocked, id=12464, stack(0x0000000029050000,0x0000000029150000)]
  0x000000001f1ff800 JavaThread "Execution worker for ':' Thread 5" [_thread_blocked, id=8788, stack(0x0000000028a10000,0x0000000028b10000)]
  0x000000001f200000 JavaThread "Execution worker for ':' Thread 4" [_thread_blocked, id=10852, stack(0x0000000028570000,0x0000000028670000)]
  0x0000000021406800 JavaThread "Execution worker for ':' Thread 3" [_thread_blocked, id=12312, stack(0x00000000288d0000,0x00000000289d0000)]
  0x0000000021405800 JavaThread "Execution worker for ':' Thread 2" [_thread_blocked, id=1316, stack(0x0000000028680000,0x0000000028780000)]
  0x0000000021400800 JavaThread "Execution worker for ':'" [_thread_blocked, id=11808, stack(0x0000000028450000,0x0000000028550000)]
  0x0000000021402800 JavaThread "Cache worker for file content cache (C:\Users\Minato\AndroidStudioProjects\TheLordOfTheTime\.gradle\5.4.1\fileContent)" [_thread_blocked, id=3656, stack(0x00000000278a0000,0x00000000279a0000)]
  0x0000000021403800 JavaThread "Cache worker for Build Output Cleanup Cache (C:\Users\Minato\AndroidStudioProjects\TheLordOfTheTime\.gradle\buildOutputCleanup)" [_thread_blocked, id=13124, stack(0x00000000282d0000,0x00000000283d0000)]
  0x0000000021404000 JavaThread "Build operations Thread 8" [_thread_blocked, id=13300, stack(0x0000000027dc0000,0x0000000027ec0000)]
  0x00000000213ff800 JavaThread "Build operations Thread 7" [_thread_blocked, id=10268, stack(0x0000000027750000,0x0000000027850000)]
  0x0000000021401000 JavaThread "Build operations Thread 6" [_thread_blocked, id=12804, stack(0x0000000027530000,0x0000000027630000)]
  0x0000000021405000 JavaThread "Build operations Thread 5" [_thread_blocked, id=11080, stack(0x0000000024210000,0x0000000024310000)]
  0x000000001ba42000 JavaThread "Build operations Thread 4" [_thread_blocked, id=1468, stack(0x0000000024840000,0x0000000024940000)]
  0x000000001ba43800 JavaThread "Build operations Thread 3" [_thread_blocked, id=8060, stack(0x000000001df00000,0x000000001e000000)]
  0x000000001ba45000 JavaThread "Build operations Thread 2" [_thread_blocked, id=12456, stack(0x0000000024d90000,0x0000000024e90000)]
  0x000000001ba39800 JavaThread "Build operations" [_thread_blocked, id=13200, stack(0x0000000024740000,0x0000000024840000)]
  0x000000001ba45800 JavaThread "Cache worker for cache directory md-rule (C:\Users\Minato\.gradle\caches\5.4.1\md-rule)" [_thread_blocked, id=1328, stack(0x0000000024310000,0x0000000024410000)]
  0x000000001ba47000 JavaThread "Cache worker for cache directory md-supplier (C:\Users\Minato\.gradle\caches\5.4.1\md-supplier)" [_thread_blocked, id=12856, stack(0x0000000024060000,0x0000000024160000)]
  0x000000001ba3e000 JavaThread "Cache worker for file hash cache (C:\Users\Minato\AndroidStudioProjects\TheLordOfTheTime\.gradle\5.4.1\fileHashes)" [_thread_blocked, id=12904, stack(0x000000001c360000,0x000000001c460000)]
  0x000000001ba3a800 JavaThread "Thread-143" [_thread_blocked, id=11088, stack(0x0000000020c70000,0x0000000020d70000)]
  0x000000001ba41000 JavaThread "Stdin handler" [_thread_blocked, id=8364, stack(0x0000000023ed0000,0x0000000023fd0000)]
  0x000000001ba42800 JavaThread "Asynchronous log dispatcher for DefaultDaemonConnection: socket connection from /127.0.0.1:7184 to /127.0.0.1:7853" [_thread_blocked, id=13272, stack(0x000000001cd80000,0x000000001ce80000)]
  0x000000001ba44000 JavaThread "Daemon worker Thread 4" [_thread_blocked, id=8152, stack(0x000000001cc00000,0x000000001cd00000)]
  0x000000001ba3f800 JavaThread "Cancel handler" [_thread_blocked, id=11456, stack(0x000000001ca80000,0x000000001cb80000)]
  0x000000001ba46800 JavaThread "Handler for socket connection from /127.0.0.1:7184 to /127.0.0.1:7853" [_thread_in_native, id=8440, stack(0x000000001c4c0000,0x000000001c5c0000)]
  0x000000001ba3d800 JavaThread "Daemon Thread 4" [_thread_blocked, id=10660, stack(0x000000001c240000,0x000000001c340000)]
  0x000000001dd18000 JavaThread "Cache worker for Java compile cache (C:\Users\Minato\.gradle\caches\5.4.1\javaCompile)" [_thread_blocked, id=12132, stack(0x000000002b320000,0x000000002b420000)]
  0x000000001a76e800 JavaThread "Cache worker for file content cache (C:\Users\Minato\.gradle\caches\5.4.1\fileContent)" [_thread_blocked, id=9224, stack(0x0000000027c50000,0x0000000027d50000)]
  0x0000000022090000 JavaThread "Memory manager" [_thread_blocked, id=10760, stack(0x0000000025ba0000,0x0000000025ca0000)]
  0x000000001ba3f000 JavaThread "Cache worker for execution history cache (C:\Users\Minato\.gradle\caches\5.4.1\executionHistory)" [_thread_blocked, id=10148, stack(0x00000000232e0000,0x00000000233e0000)]
  0x000000001ba39000 JavaThread "Cache worker for journal cache (C:\Users\Minato\.gradle\caches\journal-1)" [_thread_blocked, id=4536, stack(0x000000001e300000,0x000000001e400000)]
  0x000000001ba38000 JavaThread "File lock request listener" [_thread_in_native, id=11008, stack(0x000000001e1c0000,0x000000001e2c0000)]
  0x000000001ba51800 JavaThread "Cache worker for file hash cache (C:\Users\Minato\.gradle\caches\5.4.1\fileHashes)" [_thread_blocked, id=3488, stack(0x000000001e000000,0x000000001e100000)]
  0x000000001b8ed000 JavaThread "Daemon periodic checks" [_thread_blocked, id=6464, stack(0x000000001bfc0000,0x000000001c0c0000)]
  0x000000001b8f0800 JavaThread "Incoming local TCP Connector on port 7184" [_thread_in_native, id=3292, stack(0x000000001c0e0000,0x000000001c1e0000)]
  0x000000001b970800 JavaThread "Daemon health stats" [_thread_blocked, id=7512, stack(0x000000001a380000,0x000000001a480000)]
  0x0000000018328000 JavaThread "Service Thread" daemon [_thread_blocked, id=3336, stack(0x000000001a010000,0x000000001a110000)]
  0x00000000182ae800 JavaThread "C1 CompilerThread3" daemon [_thread_blocked, id=5756, stack(0x0000000019c40000,0x0000000019d40000)]
=>0x000000001829d800 JavaThread "C2 CompilerThread2" daemon [_thread_in_native, id=11104, stack(0x0000000019d50000,0x0000000019e50000)]
  0x0000000018293000 JavaThread "C2 CompilerThread1" daemon [_thread_in_native, id=10836, stack(0x0000000019af0000,0x0000000019bf0000)]
  0x0000000018289000 JavaThread "C2 CompilerThread0" daemon [_thread_in_native, id=10984, stack(0x00000000191d0000,0x00000000192d0000)]
  0x0000000018285000 JavaThread "Attach Listener" daemon [_thread_blocked, id=10824, stack(0x0000000019990000,0x0000000019a90000)]
  0x0000000018288000 JavaThread "Signal Dispatcher" daemon [_thread_blocked, id=11196, stack(0x00000000197b0000,0x00000000198b0000)]
  0x000000000723c800 JavaThread "Finalizer" daemon [_thread_blocked, id=8692, stack(0x0000000019610000,0x0000000019710000)]
  0x0000000007235800 JavaThread "Reference Handler" daemon [_thread_blocked, id=10988, stack(0x00000000194a0000,0x00000000195a0000)]
  0x000000000209f000 JavaThread "main" [_thread_blocked, id=6508, stack(0x00000000021c0000,0x00000000022c0000)]

Other Threads:
  0x000000000219f800 VMThread [stack: 0x0000000019340000,0x0000000019440000] [id=10500]
  0x00000000182fe800 WatcherThread [stack: 0x000000001a1a0000,0x000000001a2a0000] [id=5188]

VM state:not at safepoint (normal execution)

VM Mutex/Monitor currently owned by a thread: None

heap address: 0x00000000a0000000, size: 1536 MB, Compressed Oops mode: 32-bit
Narrow klass base: 0x0000000000000000, Narrow klass shift: 3
Compressed class space size: 1073741824 Address: 0x000000013f0d0000

Heap:
 PSYoungGen      total 488960K, used 41928K [0x00000000e0000000, 0x00000000ffd00000, 0x0000000100000000)
  eden space 460800K, 6% used [0x00000000e0000000,0x00000000e1b22bb0,0x00000000fc200000)
  from space 28160K, 50% used [0x00000000fe180000,0x00000000fef4f720,0x00000000ffd00000)
  to   space 30208K, 0% used [0x00000000fc200000,0x00000000fc200000,0x00000000fdf80000)
 ParOldGen       total 313344K, used 50722K [0x00000000a0000000, 0x00000000b3200000, 0x00000000e0000000)
  object space 313344K, 16% used [0x00000000a0000000,0x00000000a31889e8,0x00000000b3200000)
 Metaspace       used 93566K, capacity 97495K, committed 99840K, reserved 1136640K
  class space    used 11973K, capacity 12720K, committed 13312K, reserved 1048576K

Card table byte_map: [0x0000000002aa0000,0x0000000002db0000] byte_map_base: 0x00000000025a0000

Marking Bits: (ParMarkBitMap*) 0x0000000007d99f30
 Begin Bits: [0x0000000003d50000, 0x0000000005550000)
 End Bits:   [0x0000000005550000, 0x0000000006d50000)

Polling page: 0x0000000002050000

CodeCache: size=245760Kb used=56401Kb max_used=56810Kb free=189358Kb
 bounds [0x0000000007e20000, 0x000000000b5f0000, 0x0000000016e20000]
 total_blobs=17575 nmethods=16689 adapters=796
 compilation: enabled

Compilation events (10 events):
Event: 3078.412 Thread 0x00000000182ae800 20884       2       com.google.common.collect.SingletonImmutableList::iterator (5 bytes)
Event: 3078.412 Thread 0x00000000182ae800 nmethod 20884 0x000000000a5e7550 code [0x000000000a5e76a0, 0x000000000a5e7870]
Event: 3078.439 Thread 0x00000000182ae800 20888 %     3       com.android.tools.r8.dex.DexParser::<init> @ 283 (323 bytes)
Event: 3078.441 Thread 0x00000000182ae800 nmethod 20888% 0x000000000a1bae50 code [0x000000000a1bb200, 0x000000000a1bd5f8]
Event: 3078.441 Thread 0x00000000182ae800 20887       2       com.android.tools.r8.r.c::a (15 bytes)
Event: 3078.442 Thread 0x00000000182ae800 nmethod 20887 0x0000000009dbdd90 code [0x0000000009dbdf20, 0x0000000009dbe228]
Event: 3078.442 Thread 0x00000000182ae800 20886       1       java.util.stream.Streams$RangeIntSpliterator::characteristics (4 bytes)
Event: 3078.442 Thread 0x00000000182ae800 nmethod 20886 0x0000000009e44290 code [0x0000000009e443e0, 0x0000000009e444f0]
Event: 3078.442 Thread 0x00000000182ae800 20889       3       com.android.tools.r8.dex.DexParser::<init> (323 bytes)
Event: 3078.443 Thread 0x00000000182ae800 nmethod 20889 0x000000000ac7f490 code [0x000000000ac7f840, 0x000000000ac81b58]

GC Heap History (10 events):
Event: 3075.598 GC heap before
{Heap before GC invocations=20 (full 4):
 PSYoungGen      total 418816K, used 415198K [0x00000000e0000000, 0x00000000ff780000, 0x0000000100000000)
  eden space 396800K, 100% used [0x00000000e0000000,0x00000000f8380000,0x00000000f8380000)
  from space 22016K, 83% used [0x00000000f8380000,0x00000000f9577b38,0x00000000f9900000)
  to   space 23552K, 0% used [0x00000000fe080000,0x00000000fe080000,0x00000000ff780000)
 ParOldGen       total 313344K, used 39945K [0x00000000a0000000, 0x00000000b3200000, 0x00000000e0000000)
  object space 313344K, 12% used [0x00000000a0000000,0x00000000a2702600,0x00000000b3200000)
 Metaspace       used 92848K, capacity 96709K, committed 99264K, reserved 1134592K
  class space    used 11962K, capacity 12709K, committed 13312K, reserved 1048576K
Event: 3075.623 GC heap after
Heap after GC invocations=20 (full 4):
 PSYoungGen      total 489984K, used 21031K [0x00000000e0000000, 0x0000000100000000, 0x0000000100000000)
  eden space 466432K, 0% used [0x00000000e0000000,0x00000000e0000000,0x00000000fc780000)
  from space 23552K, 89% used [0x00000000fe080000,0x00000000ff509d58,0x00000000ff780000)
  to   space 25600K, 0% used [0x00000000fc780000,0x00000000fc780000,0x00000000fe080000)
 ParOldGen       total 313344K, used 39953K [0x00000000a0000000, 0x00000000b3200000, 0x00000000e0000000)
  object space 313344K, 12% used [0x00000000a0000000,0x00000000a2704600,0x00000000b3200000)
 Metaspace       used 92848K, capacity 96709K, committed 99264K, reserved 1134592K
  class space    used 11962K, capacity 12709K, committed 13312K, reserved 1048576K
}
Event: 3076.183 GC heap before
{Heap before GC invocations=21 (full 4):
 PSYoungGen      total 489984K, used 487463K [0x00000000e0000000, 0x0000000100000000, 0x0000000100000000)
  eden space 466432K, 100% used [0x00000000e0000000,0x00000000fc780000,0x00000000fc780000)
  from space 23552K, 89% used [0x00000000fe080000,0x00000000ff509d58,0x00000000ff780000)
  to   space 25600K, 0% used [0x00000000fc780000,0x00000000fc780000,0x00000000fe080000)
 ParOldGen       total 313344K, used 39953K [0x00000000a0000000, 0x00000000b3200000, 0x00000000e0000000)
  object space 313344K, 12% used [0x00000000a0000000,0x00000000a2704600,0x00000000b3200000)
 Metaspace       used 93331K, capacity 97225K, committed 99584K, reserved 1136640K
  class space    used 11968K, capacity 12711K, committed 13312K, reserved 1048576K
Event: 3076.210 GC heap after
Heap after GC invocations=21 (full 4):
 PSYoungGen      total 492032K, used 25583K [0x00000000e0000000, 0x0000000100000000, 0x0000000100000000)
  eden space 466432K, 0% used [0x00000000e0000000,0x00000000e0000000,0x00000000fc780000)
  from space 25600K, 99% used [0x00000000fc780000,0x00000000fe07bc70,0x00000000fe080000)
  to   space 28672K, 0% used [0x00000000fe400000,0x00000000fe400000,0x0000000100000000)
 ParOldGen       total 313344K, used 40715K [0x00000000a0000000, 0x00000000b3200000, 0x00000000e0000000)
  object space 313344K, 12% used [0x00000000a0000000,0x00000000a27c2ee8,0x00000000b3200000)
 Metaspace       used 93331K, capacity 97225K, committed 99584K, reserved 1136640K
  class space    used 11968K, capacity 12711K, committed 13312K, reserved 1048576K
}
Event: 3076.621 GC heap before
{Heap before GC invocations=22 (full 4):
 PSYoungGen      total 492032K, used 492015K [0x00000000e0000000, 0x0000000100000000, 0x0000000100000000)
  eden space 466432K, 100% used [0x00000000e0000000,0x00000000fc780000,0x00000000fc780000)
  from space 25600K, 99% used [0x00000000fc780000,0x00000000fe07bc70,0x00000000fe080000)
  to   space 28672K, 0% used [0x00000000fe400000,0x00000000fe400000,0x0000000100000000)
 ParOldGen       total 313344K, used 40715K [0x00000000a0000000, 0x00000000b3200000, 0x00000000e0000000)
  object space 313344K, 12% used [0x00000000a0000000,0x00000000a27c2ee8,0x00000000b3200000)
 Metaspace       used 93387K, capacity 97293K, committed 99584K, reserved 1136640K
  class space    used 11968K, capacity 12711K, committed 13312K, reserved 1048576K
Event: 3076.652 GC heap after
Heap after GC invocations=22 (full 4):
 PSYoungGen      total 488448K, used 27868K [0x00000000e0000000, 0x0000000100000000, 0x0000000100000000)
  eden space 459776K, 0% used [0x00000000e0000000,0x00000000e0000000,0x00000000fc100000)
  from space 28672K, 97% used [0x00000000fe400000,0x00000000fff37070,0x0000000100000000)
  to   space 32256K, 0% used [0x00000000fc100000,0x00000000fc100000,0x00000000fe080000)
 ParOldGen       total 313344K, used 40715K [0x00000000a0000000, 0x00000000b3200000, 0x00000000e0000000)
  object space 313344K, 12% used [0x00000000a0000000,0x00000000a27c2ee8,0x00000000b3200000)
 Metaspace       used 93387K, capacity 97293K, committed 99584K, reserved 1136640K
  class space    used 11968K, capacity 12711K, committed 13312K, reserved 1048576K
}
Event: 3077.274 GC heap before
{Heap before GC invocations=23 (full 4):
 PSYoungGen      total 488448K, used 487644K [0x00000000e0000000, 0x0000000100000000, 0x0000000100000000)
  eden space 459776K, 100% used [0x00000000e0000000,0x00000000fc100000,0x00000000fc100000)
  from space 28672K, 97% used [0x00000000fe400000,0x00000000fff37070,0x0000000100000000)
  to   space 32256K, 0% used [0x00000000fc100000,0x00000000fc100000,0x00000000fe080000)
 ParOldGen       total 313344K, used 40715K [0x00000000a0000000, 0x00000000b3200000, 0x00000000e0000000)
  object space 313344K, 12% used [0x00000000a0000000,0x00000000a27c2ee8,0x00000000b3200000)
 Metaspace       used 93527K, capacity 97431K, committed 99840K, reserved 1136640K
  class space    used 11973K, capacity 12720K, committed 13312K, reserved 1048576K
Event: 3077.295 GC heap after
Heap after GC invocations=23 (full 4):
 PSYoungGen      total 492032K, used 13068K [0x00000000e0000000, 0x0000000100000000, 0x0000000100000000)
  eden space 459776K, 0% used [0x00000000e0000000,0x00000000e0000000,0x00000000fc100000)
  from space 32256K, 40% used [0x00000000fc100000,0x00000000fcdc33e8,0x00000000fe080000)
  to   space 31232K, 0% used [0x00000000fe180000,0x00000000fe180000,0x0000000100000000)
 ParOldGen       total 313344K, used 49954K [0x00000000a0000000, 0x00000000b3200000, 0x00000000e0000000)
  object space 313344K, 15% used [0x00000000a0000000,0x00000000a30c89c8,0x00000000b3200000)
 Metaspace       used 93527K, capacity 97431K, committed 99840K, reserved 1136640K
  class space    used 11973K, capacity 12720K, committed 13312K, reserved 1048576K
}
Event: 3078.349 GC heap before
{Heap before GC invocations=24 (full 4):
 PSYoungGen      total 492032K, used 472844K [0x00000000e0000000, 0x0000000100000000, 0x0000000100000000)
  eden space 459776K, 100% used [0x00000000e0000000,0x00000000fc100000,0x00000000fc100000)
  from space 32256K, 40% used [0x00000000fc100000,0x00000000fcdc33e8,0x00000000fe080000)
  to   space 31232K, 0% used [0x00000000fe180000,0x00000000fe180000,0x0000000100000000)
 ParOldGen       total 313344K, used 49954K [0x00000000a0000000, 0x00000000b3200000, 0x00000000e0000000)
  object space 313344K, 15% used [0x00000000a0000000,0x00000000a30c89c8,0x00000000b3200000)
 Metaspace       used 93559K, capacity 97495K, committed 99840K, reserved 1136640K
  class space    used 11973K, capacity 12720K, committed 13312K, reserved 1048576K
Event: 3078.362 GC heap after
Heap after GC invocations=24 (full 4):
 PSYoungGen      total 488960K, used 14141K [0x00000000e0000000, 0x00000000ffd00000, 0x0000000100000000)
  eden space 460800K, 0% used [0x00000000e0000000,0x00000000e0000000,0x00000000fc200000)
  from space 28160K, 50% used [0x00000000fe180000,0x00000000fef4f720,0x00000000ffd00000)
  to   space 30208K, 0% used [0x00000000fc200000,0x00000000fc200000,0x00000000fdf80000)
 ParOldGen       total 313344K, used 50722K [0x00000000a0000000, 0x00000000b3200000, 0x00000000e0000000)
  object space 313344K, 16% used [0x00000000a0000000,0x00000000a31889e8,0x00000000b3200000)
 Metaspace       used 93559K, capacity 97495K, committed 99840K, reserved 1136640K
  class space    used 11973K, capacity 12720K, committed 13312K, reserved 1048576K
}

Deoptimization events (10 events):
Event: 3076.323 Thread 0x000000001f1fc800 Uncommon trap: reason=predicate action=maybe_recompile pc=0x000000000b354160 method=java.util.TimSort.mergeLo(IIII)V @ 153
Event: 3076.323 Thread 0x000000001ba44000 Uncommon trap: reason=unstable_if action=reinterpret pc=0x00000000080ed6d0 method=java.util.HashMap.resize()[Ljava/util/HashMap$Node; @ 206
Event: 3076.374 Thread 0x0000000021406800 Uncommon trap: reason=unstable_if action=reinterpret pc=0x000000000b4b88d4 method=com.android.tools.r8.ir.code.Value.needsRegister()Z @ 71
Event: 3076.455 Thread 0x0000000021405800 Uncommon trap: reason=unstable_if action=reinterpret pc=0x000000000adb28e4 method=com.android.tools.r8.graph.w.j(Ljava/lang/String;)[Ljava/lang/String; @ 148
Event: 3077.129 Thread 0x000000001f1ff800 Uncommon trap: reason=bimorphic action=maybe_recompile pc=0x000000000b28ac14 method=com.android.tools.r8.ir.analysis.type.TypeLatticeElement.l()Z @ 36
Event: 3077.129 Thread 0x000000001f1ff800 Uncommon trap: reason=bimorphic action=maybe_recompile pc=0x000000000b28ac14 method=com.android.tools.r8.ir.analysis.type.TypeLatticeElement.l()Z @ 36
Event: 3077.722 Thread 0x000000001f1ff800 Uncommon trap: reason=array_check action=maybe_recompile pc=0x000000000b568b58 method=java.util.TimSort.mergeLo(IIII)V @ 245
Event: 3077.723 Thread 0x000000001f1ff800 Uncommon trap: reason=array_check action=maybe_recompile pc=0x000000000b568b58 method=java.util.TimSort.mergeLo(IIII)V @ 245
Event: 3078.303 Thread 0x0000000021405800 Uncommon trap: reason=array_check action=maybe_recompile pc=0x0000000008d8b348 method=java.util.TimSort.mergeLo(IIII)V @ 212
Event: 3078.303 Thread 0x0000000021405800 Uncommon trap: reason=array_check action=maybe_recompile pc=0x0000000008d8b348 method=java.util.TimSort.mergeLo(IIII)V @ 212

Classes redefined (0 events):
No events

Internal exceptions (10 events):
Event: 3076.761 Thread 0x000000001dd19000 Exception <a 'sun/nio/fs/WindowsException'> (0x00000000e6bed410) thrown at [D:\src\AOSP-openjdk-cygwin\jdk8u\hotspot\src\share\vm\prims\jni.cpp, line 710]
Event: 3076.762 Thread 0x000000001dd19000 Exception <a 'sun/nio/fs/WindowsException'> (0x00000000e6bf46c8) thrown at [D:\src\AOSP-openjdk-cygwin\jdk8u\hotspot\src\share\vm\prims\jni.cpp, line 710]
Event: 3076.764 Thread 0x000000001dd19000 Exception <a 'sun/nio/fs/WindowsException'> (0x00000000e6c06ce8) thrown at [D:\src\AOSP-openjdk-cygwin\jdk8u\hotspot\src\share\vm\prims\jni.cpp, line 710]
Event: 3076.765 Thread 0x000000001dd19000 Exception <a 'sun/nio/fs/WindowsException'> (0x00000000e6c0d4b0) thrown at [D:\src\AOSP-openjdk-cygwin\jdk8u\hotspot\src\share\vm\prims\jni.cpp, line 710]
Event: 3076.855 Thread 0x000000001f200000 Exception <a 'sun/nio/fs/WindowsException'> (0x00000000eb374a20) thrown at [D:\src\AOSP-openjdk-cygwin\jdk8u\hotspot\src\share\vm\prims\jni.cpp, line 710]
Event: 3076.909 Thread 0x000000001dd1a800 Exception <a 'sun/nio/fs/WindowsException'> (0x00000000edb31af8) thrown at [D:\src\AOSP-openjdk-cygwin\jdk8u\hotspot\src\share\vm\prims\jni.cpp, line 710]
Event: 3076.956 Thread 0x000000002174c000 Exception <a 'sun/nio/fs/WindowsException'> (0x00000000efe5afd8) thrown at [D:\src\AOSP-openjdk-cygwin\jdk8u\hotspot\src\share\vm\prims\jni.cpp, line 710]
Event: 3077.795 Thread 0x000000001f1ff800 Exception <a 'sun/nio/fs/WindowsException'> (0x00000000f18ec7a8) thrown at [D:\src\AOSP-openjdk-cygwin\jdk8u\hotspot\src\share\vm\prims\jni.cpp, line 710]
Event: 3078.390 Thread 0x0000000021405800 Exception <a 'sun/nio/fs/WindowsException'> (0x00000000e04729b8) thrown at [D:\src\AOSP-openjdk-cygwin\jdk8u\hotspot\src\share\vm\prims\jni.cpp, line 710]
Event: 3078.438 Thread 0x000000001f1fd000 Exception <a 'sun/nio/fs/WindowsException'> (0x00000000e0f29ad8) thrown at [D:\src\AOSP-openjdk-cygwin\jdk8u\hotspot\src\share\vm\prims\jni.cpp, line 710]

Events (10 events):
Event: 3078.457 Thread 0x000000001f1fd000 DEOPT PACKING pc=0x0000000009605967 sp=0x00000000282cda90
Event: 3078.457 Thread 0x000000001f1fd000 DEOPT UNPACKING pc=0x0000000007e675d0 sp=0x00000000282cd948 mode 0
Event: 3078.458 Thread 0x000000001f1fd000 DEOPT PACKING pc=0x0000000009605967 sp=0x00000000282cda90
Event: 3078.458 Thread 0x000000001f1fd000 DEOPT UNPACKING pc=0x0000000007e675d0 sp=0x00000000282cd948 mode 0
Event: 3078.459 Thread 0x000000001f1fd000 DEOPT PACKING pc=0x0000000009605967 sp=0x00000000282cda90
Event: 3078.459 Thread 0x000000001f1fd000 DEOPT UNPACKING pc=0x0000000007e675d0 sp=0x00000000282cd948 mode 0
Event: 3078.460 Thread 0x000000001f1fd000 DEOPT PACKING pc=0x0000000009605967 sp=0x00000000282cda90
Event: 3078.460 Thread 0x000000001f1fd000 DEOPT UNPACKING pc=0x0000000007e675d0 sp=0x00000000282cd948 mode 0
Event: 3078.461 Thread 0x000000001f1fd000 DEOPT PACKING pc=0x0000000009605967 sp=0x00000000282cda90
Event: 3078.461 Thread 0x000000001f1fd000 DEOPT UNPACKING pc=0x0000000007e675d0 sp=0x00000000282cd948 mode 0


Dynamic libraries:
0x000000013f090000 - 0x000000013f0c1000 	C:\Program Files\Android\Android Studio\jre\bin\java.exe
0x0000000077620000 - 0x00000000777bf000 	C:\Windows\SYSTEM32\ntdll.dll
0x000007fedbd70000 - 0x000007fedbd84000 	C:\Program Files\AVAST Software\Avast\aswhook.dll
0x0000000077400000 - 0x000000007751f000 	C:\Windows\system32\kernel32.dll
0x000007fefd1d0000 - 0x000007fefd237000 	C:\Windows\system32\KERNELBASE.dll
0x000007feff830000 - 0x000007feff90b000 	C:\Windows\system32\ADVAPI32.dll
0x000007fefe6f0000 - 0x000007fefe78f000 	C:\Windows\system32\msvcrt.dll
0x000007fefd530000 - 0x000007fefd54f000 	C:\Windows\SYSTEM32\sechost.dll
0x000007feff680000 - 0x000007feff7ac000 	C:\Windows\system32\RPCRT4.dll
0x0000000077520000 - 0x000000007761a000 	C:\Windows\system32\USER32.dll
0x000007feff230000 - 0x000007feff297000 	C:\Windows\system32\GDI32.dll
0x000007feff590000 - 0x000007feff59e000 	C:\Windows\system32\LPK.dll
0x000007fefe790000 - 0x000007fefe85b000 	C:\Windows\system32\USP10.dll
0x000007fefb1e0000 - 0x000007fefb3d5000 	C:\Windows\WinSxS\amd64_microsoft.windows.common-controls_6595b64144ccf1df_6.0.7601.24483_none_e372d88f30fbb845\COMCTL32.dll
0x000007feff7b0000 - 0x000007feff821000 	C:\Windows\system32\SHLWAPI.dll
0x000007feff650000 - 0x000007feff67e000 	C:\Windows\system32\IMM32.DLL
0x000007feff080000 - 0x000007feff189000 	C:\Windows\system32\MSCTF.dll
0x0000000062380000 - 0x0000000062452000 	C:\Program Files\Android\Android Studio\jre\jre\bin\msvcr100.dll
0x00000000075d0000 - 0x0000000007e16000 	C:\Program Files\Android\Android Studio\jre\jre\bin\server\jvm.dll
0x000007fef9d30000 - 0x000007fef9d39000 	C:\Windows\system32\WSOCK32.dll
0x000007feff5a0000 - 0x000007feff5ed000 	C:\Windows\system32\WS2_32.dll
0x000007feff380000 - 0x000007feff388000 	C:\Windows\system32\NSI.dll
0x000007fef6580000 - 0x000007fef65bb000 	C:\Windows\system32\WINMM.dll
0x000007fefcd50000 - 0x000007fefcd5c000 	C:\Windows\system32\VERSION.dll
0x00000000777c0000 - 0x00000000777c7000 	C:\Windows\system32\PSAPI.DLL
0x000007fefa720000 - 0x000007fefa72f000 	C:\Program Files\Android\Android Studio\jre\jre\bin\verify.dll
0x000007fed7fd0000 - 0x000007fed7ff9000 	C:\Program Files\Android\Android Studio\jre\jre\bin\java.dll
0x000007fee45b0000 - 0x000007fee45c6000 	C:\Program Files\Android\Android Studio\jre\jre\bin\zip.dll
0x000007fefd5f0000 - 0x000007fefe37b000 	C:\Windows\system32\SHELL32.dll
0x000007feff390000 - 0x000007feff58f000 	C:\Windows\system32\ole32.dll
0x000007fefd180000 - 0x000007fefd18f000 	C:\Windows\system32\profapi.dll
0x000007fed9110000 - 0x000007fed912a000 	C:\Program Files\Android\Android Studio\jre\jre\bin\net.dll
0x000007fefc5f0000 - 0x000007fefc645000 	C:\Windows\system32\mswsock.dll
0x000007fefc5e0000 - 0x000007fefc5e7000 	C:\Windows\System32\wship6.dll
0x000007fed8920000 - 0x000007fed8931000 	C:\Program Files\Android\Android Studio\jre\jre\bin\nio.dll
0x000007fed7d40000 - 0x000007fed7d66000 	C:\Users\Minato\.gradle\native\29\windows-amd64\native-platform.dll
0x000007fefcd40000 - 0x000007fefcd43000 	C:\Windows\system32\api-ms-win-core-synch-l1-2-0.DLL
0x000007fefa580000 - 0x000007fefa58d000 	C:\Program Files\Android\Android Studio\jre\jre\bin\management.dll
0x000007fefc650000 - 0x000007fefc668000 	C:\Windows\system32\CRYPTSP.dll
0x000007fefc350000 - 0x000007fefc397000 	C:\Windows\system32\rsaenh.dll
0x000007fefd510000 - 0x000007fefd52f000 	C:\Windows\system32\USERENV.dll
0x000007fefd010000 - 0x000007fefd01f000 	C:\Windows\system32\CRYPTBASE.dll
0x000007fef9ee0000 - 0x000007fef9f07000 	C:\Windows\system32\IPHLPAPI.DLL
0x000007fef9ed0000 - 0x000007fef9edb000 	C:\Windows\system32\WINNSI.DLL
0x000007fef9d60000 - 0x000007fef9d71000 	C:\Windows\system32\dhcpcsvc6.DLL
0x000007fef9d40000 - 0x000007fef9d58000 	C:\Windows\system32\dhcpcsvc.DLL
0x000007fefcfb0000 - 0x000007fefd007000 	C:\Windows\system32\apphelp.dll

VM Arguments:
jvm_args: -Xmx1536m -Dfile.encoding=windows-1251 -Duser.country=RU -Duser.language=ru -Duser.variant 
java_command: org.gradle.launcher.daemon.bootstrap.GradleDaemon 5.4.1
java_class_path (initial): C:\Users\Minato\.gradle\wrapper\dists\gradle-5.4.1-all\3221gyojl5jsh0helicew7rwx\gradle-5.4.1\lib\gradle-launcher-5.4.1.jar
Launcher Type: SUN_STANDARD

Environment Variables:
CLASSPATH=.;C:\Program Files (x86)\QuickTime\QTSystem\QTJava.zip
PATH=C:\Program Files (x86)\Common Files\Oracle\Java\javapath;C:\Program Files (x86)\Intel\iCLS Client\;C:\Program Files\Intel\iCLS Client\;C:\Windows\system32;C:\Windows;C:\Windows\System32\Wbem;C:\Windows\System32\WindowsPowerShell\v1.0\;C:\Program Files (x86)\NVIDIA Corporation\PhysX\Common;C:\Program Files\Intel\Intel(R) Management Engine Components\DAL;C:\Program Files\Intel\Intel(R) Management Engine Components\IPT;C:\Program Files (x86)\Intel\Intel(R) Management Engine Components\DAL;C:\Program Files (x86)\Intel\Intel(R) Management Engine Components\IPT;C:\Program Files (x86)\Skype\Phone\;C:\Program Files (x86)\Common Files\Acronis\SnapAPI\;C:\Program Files (x86)\QuickTime\QTSystem\;C:\Program Files\NVIDIA Corporation\NVIDIA NvDLISR;C:\Program Files\MySQL\MySQL Utilities 1.6\;C:\Program Files\Git\cmd;C:\Program Files\MySQL\MySQL Shell 8.0\bin\
USERNAME=Minato
OS=Windows_NT
PROCESSOR_IDENTIFIER=Intel64 Family 6 Model 60 Stepping 3, GenuineIntel



---------------  S Y S T E M  ---------------

OS: Windows 7 , 64 bit Build 7601 (6.1.7601.24499)

CPU:total 8 (initial active 8) (4 cores per cpu, 2 threads per core) family 6 model 60 stepping 3, cmov, cx8, fxsr, mmx, sse, sse2, sse3, ssse3, sse4.1, sse4.2, popcnt, avx, avx2, aes, clmul, erms, lzcnt, ht, tsc, tscinvbit, bmi1, bmi2

Memory: 4k page, physical 16661364k(4551904k free), swap 16659464k(4624k free)

vm_info: OpenJDK 64-Bit Server VM (25.202-b03) for windows-amd64 JRE (1.8.0_202-release-1483-b03), built by "builder" with MS VC++ 10.0 (VS2010)

time: Sat Nov 09 23:00:04 2019
timezone: RTZ 2 (зима)
elapsed time: 3078 seconds (0d 0h 51m 18s)

